Determining if the pthread_create exist failed with the following output:
Change Dir: /home/robond/myworkspace/Project1/build/CMakeFiles/CMakeTmp

Run Build Command:"/usr/bin/make" "cmTC_7f621/fast"
/usr/bin/make -f CMakeFiles/cmTC_7f621.dir/build.make CMakeFiles/cmTC_7f621.dir/build
make[1]: Entering directory '/home/robond/myworkspace/Project1/build/CMakeFiles/CMakeTmp'
Building C object CMakeFiles/cmTC_7f621.dir/CheckSymbolExists.c.o
/usr/bin/cc     -o CMakeFiles/cmTC_7f621.dir/CheckSymbolExists.c.o   -c /home/robond/myworkspace/Project1/build/CMakeFiles/CMakeTmp/CheckSymbolExists.c
Linking C executable cmTC_7f621
/usr/bin/cmake -E cmake_link_script CMakeFiles/cmTC_7f621.dir/link.txt --verbose=1
/usr/bin/cc       CMakeFiles/cmTC_7f621.dir/CheckSymbolExists.c.o  -o cmTC_7f621 -rdynamic 
CMakeFiles/cmTC_7f621.dir/CheckSymbolExists.c.o: In function `main':
CheckSymbolExists.c:(.text+0x16): undefined reference to `pthread_create'
collect2: error: ld returned 1 exit status
CMakeFiles/cmTC_7f621.dir/build.make:97: recipe for target 'cmTC_7f621' failed
make[1]: *** [cmTC_7f621] Error 1
make[1]: Leaving directory '/home/robond/myworkspace/Project1/build/CMakeFiles/CMakeTmp'
Makefile:126: recipe for target 'cmTC_7f621/fast' failed
make: *** [cmTC_7f621/fast] Error 2

File /home/robond/myworkspace/Project1/build/CMakeFiles/CMakeTmp/CheckSymbolExists.c:
/* */
#include <pthread.h>

int main(int argc, char** argv)
{
  (void)argv;
#ifndef pthread_create
  return ((int*)(&pthread_create))[argc];
#else
  (void)argc;
  return 0;
#endif
}

Determining if the function pthread_create exists in the pthreads failed with the following output:
Change Dir: /home/robond/myworkspace/Project1/build/CMakeFiles/CMakeTmp

Run Build Command:"/usr/bin/make" "cmTC_1e49d/fast"
/usr/bin/make -f CMakeFiles/cmTC_1e49d.dir/build.make CMakeFiles/cmTC_1e49d.dir/build
make[1]: Entering directory '/home/robond/myworkspace/Project1/build/CMakeFiles/CMakeTmp'
Building C object CMakeFiles/cmTC_1e49d.dir/CheckFunctionExists.c.o
/usr/bin/cc    -DCHECK_FUNCTION_EXISTS=pthread_create   -o CMakeFiles/cmTC_1e49d.dir/CheckFunctionExists.c.o   -c /usr/share/cmake-3.5/Modules/CheckFunctionExists.c
Linking C executable cmTC_1e49d
/usr/bin/cmake -E cmake_link_script CMakeFiles/cmTC_1e49d.dir/link.txt --verbose=1
/usr/bin/cc   -DCHECK_FUNCTION_EXISTS=pthread_create    CMakeFiles/cmTC_1e49d.dir/CheckFunctionExists.c.o  -o cmTC_1e49d -rdynamic -lpthreads 
/usr/bin/ld: cannot find -lpthreads
collect2: error: ld returned 1 exit status
CMakeFiles/cmTC_1e49d.dir/build.make:97: recipe for target 'cmTC_1e49d' failed
make[1]: *** [cmTC_1e49d] Error 1
make[1]: Leaving directory '/home/robond/myworkspace/Project1/build/CMakeFiles/CMakeTmp'
Makefile:126: recipe for target 'cmTC_1e49d/fast' failed
make: *** [cmTC_1e49d/fast] Error 2


